C:\USERS\STRYFE\DROPBOX\COLLEGE\2013-2014 FALL\CSCI-C 101\HOMEWORK12\DEBUG\HW12PROBLEM01.OBJ
C:\USERS\STRYFE\DROPBOX\COLLEGE\2013-2014 FALL\CSCI-C 101\HOMEWORK12\DEBUG\VC110.PDB
C:\USERS\STRYFE\DROPBOX\COLLEGE\2013-2014 FALL\CSCI-C 101\DEBUG\HOMEWORK12.ILK
C:\USERS\STRYFE\DROPBOX\COLLEGE\2013-2014 FALL\CSCI-C 101\DEBUG\HOMEWORK12.EXE
C:\USERS\STRYFE\DROPBOX\COLLEGE\2013-2014 FALL\CSCI-C 101\DEBUG\HOMEWORK12.PDB
C:\Users\Stryfe\Dropbox\College\2013-2014 Fall\CSCI-C 101\Homework12\Debug\HW12Problem01.obj
C:\Users\Stryfe\Dropbox\College\2013-2014 Fall\CSCI-C 101\Homework12\Debug\cl.command.1.tlog
C:\Users\Stryfe\Dropbox\College\2013-2014 Fall\CSCI-C 101\Homework12\Debug\CL.read.1.tlog
C:\Users\Stryfe\Dropbox\College\2013-2014 Fall\CSCI-C 101\Homework12\Debug\CL.write.1.tlog
C:\Users\Stryfe\Dropbox\College\2013-2014 Fall\CSCI-C 101\Homework12\Debug\link-cvtres.read.1.tlog
C:\Users\Stryfe\Dropbox\College\2013-2014 Fall\CSCI-C 101\Homework12\Debug\link-cvtres.write.1.tlog
C:\Users\Stryfe\Dropbox\College\2013-2014 Fall\CSCI-C 101\Homework12\Debug\link-rc.read.1.tlog
C:\Users\Stryfe\Dropbox\College\2013-2014 Fall\CSCI-C 101\Homework12\Debug\link-rc.write.1.tlog
C:\Users\Stryfe\Dropbox\College\2013-2014 Fall\CSCI-C 101\Homework12\Debug\link.command.1.tlog
C:\Users\Stryfe\Dropbox\College\2013-2014 Fall\CSCI-C 101\Homework12\Debug\link.read.1.tlog
C:\Users\Stryfe\Dropbox\College\2013-2014 Fall\CSCI-C 101\Homework12\Debug\link.write.1.tlog
C:\Users\Stryfe\Dropbox\College\2013-2014 Fall\CSCI-C 101\Homework12\Debug\vc110.idb
C:\Users\Stryfe\Dropbox\College\2013-2014 Fall\CSCI-C 101\Homework12\Debug\vc110.pdb
C:\Users\Stryfe\Dropbox\College\2013-2014 Fall\CSCI-C 101\Debug\Homework12.pdb
C:\Users\Stryfe\Dropbox\College\2013-2014 Fall\CSCI-C 101\Debug\Homework12.exe
C:\Users\Stryfe\Dropbox\College\2013-2014 Fall\CSCI-C 101\Debug\Homework12.ilk
