E:\2013-2014 FALL\CSCI-C 101\DEBUG\LAB09.ILK
E:\2013-2014 FALL\CSCI-C 101\DEBUG\LAB09.EXE
E:\2013-2014 FALL\CSCI-C 101\DEBUG\LAB09.PDB
E:\2013-2014 FALL\CSCI-C 101\LAB09\DEBUG\LAB09.OBJ
E:\2013-2014 FALL\CSCI-C 101\LAB09\DEBUG\VC110.PDB
E:\2013-2014 Fall\CSCI-C 101\Lab09\Debug\Lab09.obj
E:\2013-2014 Fall\CSCI-C 101\Lab09\Debug\link.write.1.tlog
E:\2013-2014 Fall\CSCI-C 101\Lab09\Debug\link.command.1.tlog
E:\2013-2014 Fall\CSCI-C 101\Lab09\Debug\CL.read.1.tlog
E:\2013-2014 Fall\CSCI-C 101\Lab09\Debug\CL.write.1.tlog
E:\2013-2014 Fall\CSCI-C 101\Lab09\Debug\cl.command.1.tlog
E:\2013-2014 Fall\CSCI-C 101\Lab09\Debug\link-rc.read.1.tlog
E:\2013-2014 Fall\CSCI-C 101\Lab09\Debug\link-rc.write.1.tlog
E:\2013-2014 Fall\CSCI-C 101\Lab09\Debug\link-cvtres.read.1.tlog
E:\2013-2014 Fall\CSCI-C 101\Lab09\Debug\link-cvtres.write.1.tlog
E:\2013-2014 Fall\CSCI-C 101\Lab09\Debug\link.read.1.tlog
E:\2013-2014 Fall\CSCI-C 101\Lab09\Debug\vc110.idb
E:\2013-2014 Fall\CSCI-C 101\Lab09\Debug\vc110.pdb
E:\2013-2014 Fall\CSCI-C 101\Debug\Lab09.pdb
E:\2013-2014 Fall\CSCI-C 101\Debug\Lab09.exe
E:\2013-2014 Fall\CSCI-C 101\Debug\Lab09.ilk
