C:\USERS\STRYFE\DOCUMENTS\MY BOX FILES\2013-2014 FALL\CSCI-C 101\LAB0\DEBUG\LAB0A.OBJ
C:\USERS\STRYFE\DOCUMENTS\MY BOX FILES\2013-2014 FALL\CSCI-C 101\LAB0\DEBUG\VC110.PDB
C:\USERS\STRYFE\DOCUMENTS\MY BOX FILES\2013-2014 FALL\CSCI-C 101\LAB0\DEBUG\LAB0B.OBJ
C:\USERS\STRYFE\DOCUMENTS\MY BOX FILES\2013-2014 FALL\CSCI-C 101\DEBUG\LAB0.ILK
C:\USERS\STRYFE\DOCUMENTS\MY BOX FILES\2013-2014 FALL\CSCI-C 101\DEBUG\LAB0.EXE
C:\USERS\STRYFE\DOCUMENTS\MY BOX FILES\2013-2014 FALL\CSCI-C 101\DEBUG\LAB0.PDB
C:\Users\Stryfe\Documents\My Box Files\2013-2014 Fall\CSCI-C 101\Lab0\Debug\Lab0A.obj
C:\Users\Stryfe\Documents\My Box Files\2013-2014 Fall\CSCI-C 101\Lab0\Debug\Lab0B.obj
C:\Users\Stryfe\Documents\My Box Files\2013-2014 Fall\CSCI-C 101\Lab0\Debug\cl.command.1.tlog
C:\Users\Stryfe\Documents\My Box Files\2013-2014 Fall\CSCI-C 101\Lab0\Debug\CL.read.1.tlog
C:\Users\Stryfe\Documents\My Box Files\2013-2014 Fall\CSCI-C 101\Lab0\Debug\CL.write.1.tlog
C:\Users\Stryfe\Documents\My Box Files\2013-2014 Fall\CSCI-C 101\Lab0\Debug\link-cvtres.read.1.tlog
C:\Users\Stryfe\Documents\My Box Files\2013-2014 Fall\CSCI-C 101\Lab0\Debug\link-cvtres.write.1.tlog
C:\Users\Stryfe\Documents\My Box Files\2013-2014 Fall\CSCI-C 101\Lab0\Debug\link-rc.read.1.tlog
C:\Users\Stryfe\Documents\My Box Files\2013-2014 Fall\CSCI-C 101\Lab0\Debug\link-rc.write.1.tlog
C:\Users\Stryfe\Documents\My Box Files\2013-2014 Fall\CSCI-C 101\Lab0\Debug\link.command.1.tlog
C:\Users\Stryfe\Documents\My Box Files\2013-2014 Fall\CSCI-C 101\Lab0\Debug\link.read.1.tlog
C:\Users\Stryfe\Documents\My Box Files\2013-2014 Fall\CSCI-C 101\Lab0\Debug\link.write.1.tlog
C:\Users\Stryfe\Documents\My Box Files\2013-2014 Fall\CSCI-C 101\Lab0\Debug\vc110.idb
C:\Users\Stryfe\Documents\My Box Files\2013-2014 Fall\CSCI-C 101\Lab0\Debug\vc110.pdb
C:\Users\Stryfe\Documents\My Box Files\2013-2014 Fall\CSCI-C 101\Debug\Lab0.pdb
C:\Users\Stryfe\Documents\My Box Files\2013-2014 Fall\CSCI-C 101\Debug\Lab0.exe
C:\Users\Stryfe\Documents\My Box Files\2013-2014 Fall\CSCI-C 101\Debug\Lab0.ilk
