C:\USERS\STRYFE\DROPBOX\COLLEGE\2013-2014 FALL\CSCI-C 101\HOMEWORK09\DEBUG\HW09PROBLEM01.OBJ
C:\USERS\STRYFE\DROPBOX\COLLEGE\2013-2014 FALL\CSCI-C 101\HOMEWORK09\DEBUG\VC110.PDB
C:\USERS\STRYFE\DROPBOX\COLLEGE\2013-2014 FALL\CSCI-C 101\DEBUG\HOMEWORK09.ILK
C:\USERS\STRYFE\DROPBOX\COLLEGE\2013-2014 FALL\CSCI-C 101\DEBUG\HOMEWORK09.EXE
C:\USERS\STRYFE\DROPBOX\COLLEGE\2013-2014 FALL\CSCI-C 101\DEBUG\HOMEWORK09.PDB
E:\2013-2014 Fall\CSCI-C 101\Homework09\Debug\HW09Problem01.obj
E:\2013-2014 Fall\CSCI-C 101\Homework09\Debug\cl.command.1.tlog
E:\2013-2014 Fall\CSCI-C 101\Homework09\Debug\CL.read.1.tlog
E:\2013-2014 Fall\CSCI-C 101\Homework09\Debug\CL.write.1.tlog
E:\2013-2014 Fall\CSCI-C 101\Homework09\Debug\link-cvtres.read.1.tlog
E:\2013-2014 Fall\CSCI-C 101\Homework09\Debug\link-cvtres.write.1.tlog
E:\2013-2014 Fall\CSCI-C 101\Homework09\Debug\link-rc.read.1.tlog
E:\2013-2014 Fall\CSCI-C 101\Homework09\Debug\link-rc.write.1.tlog
E:\2013-2014 Fall\CSCI-C 101\Homework09\Debug\link.command.1.tlog
E:\2013-2014 Fall\CSCI-C 101\Homework09\Debug\link.read.1.tlog
E:\2013-2014 Fall\CSCI-C 101\Homework09\Debug\link.write.1.tlog
E:\2013-2014 Fall\CSCI-C 101\Homework09\Debug\vc110.idb
E:\2013-2014 Fall\CSCI-C 101\Homework09\Debug\vc110.pdb
E:\2013-2014 Fall\CSCI-C 101\Debug\Homework09.pdb
E:\2013-2014 Fall\CSCI-C 101\Debug\Homework09.exe
E:\2013-2014 Fall\CSCI-C 101\Debug\Homework09.ilk
