C:\USERS\STRYFE\DROPBOX\COLLEGE\2013-2014 FALL\CSCI-C 101\HOMEWORK11\DEBUG\HW11PROBLEM01.OBJ
C:\USERS\STRYFE\DROPBOX\COLLEGE\2013-2014 FALL\CSCI-C 101\HOMEWORK11\DEBUG\VC110.PDB
C:\USERS\STRYFE\DROPBOX\COLLEGE\2013-2014 FALL\CSCI-C 101\DEBUG\HOMEWORK11.ILK
C:\USERS\STRYFE\DROPBOX\COLLEGE\2013-2014 FALL\CSCI-C 101\DEBUG\HOMEWORK11.EXE
C:\USERS\STRYFE\DROPBOX\COLLEGE\2013-2014 FALL\CSCI-C 101\DEBUG\HOMEWORK11.PDB
C:\Users\Stryfe\Dropbox\College\2013-2014 Fall\CSCI-C 101\Homework11\Debug\HW11Problem01.obj
C:\Users\Stryfe\Dropbox\College\2013-2014 Fall\CSCI-C 101\Homework11\Debug\cl.command.1.tlog
C:\Users\Stryfe\Dropbox\College\2013-2014 Fall\CSCI-C 101\Homework11\Debug\CL.read.1.tlog
C:\Users\Stryfe\Dropbox\College\2013-2014 Fall\CSCI-C 101\Homework11\Debug\CL.write.1.tlog
C:\Users\Stryfe\Dropbox\College\2013-2014 Fall\CSCI-C 101\Homework11\Debug\link-cvtres.read.1.tlog
C:\Users\Stryfe\Dropbox\College\2013-2014 Fall\CSCI-C 101\Homework11\Debug\link-cvtres.write.1.tlog
C:\Users\Stryfe\Dropbox\College\2013-2014 Fall\CSCI-C 101\Homework11\Debug\link-rc.read.1.tlog
C:\Users\Stryfe\Dropbox\College\2013-2014 Fall\CSCI-C 101\Homework11\Debug\link-rc.write.1.tlog
C:\Users\Stryfe\Dropbox\College\2013-2014 Fall\CSCI-C 101\Homework11\Debug\link.command.1.tlog
C:\Users\Stryfe\Dropbox\College\2013-2014 Fall\CSCI-C 101\Homework11\Debug\link.read.1.tlog
C:\Users\Stryfe\Dropbox\College\2013-2014 Fall\CSCI-C 101\Homework11\Debug\link.write.1.tlog
C:\Users\Stryfe\Dropbox\College\2013-2014 Fall\CSCI-C 101\Homework11\Debug\vc110.idb
C:\Users\Stryfe\Dropbox\College\2013-2014 Fall\CSCI-C 101\Homework11\Debug\vc110.pdb
C:\Users\Stryfe\Dropbox\College\2013-2014 Fall\CSCI-C 101\Debug\Homework11.pdb
C:\Users\Stryfe\Dropbox\College\2013-2014 Fall\CSCI-C 101\Debug\Homework11.exe
C:\Users\Stryfe\Dropbox\College\2013-2014 Fall\CSCI-C 101\Debug\Homework11.ilk
