E:\2013-2014 FALL\CSCI-C 101\LAB1\DEBUG\SAMPLE2.OBJ
E:\2013-2014 FALL\CSCI-C 101\LAB1\DEBUG\VC110.PDB
E:\2013-2014 FALL\CSCI-C 101\DEBUG\LAB1.ILK
E:\2013-2014 FALL\CSCI-C 101\DEBUG\LAB1.EXE
E:\2013-2014 FALL\CSCI-C 101\DEBUG\LAB1.PDB
E:\2013-2014 Fall\CSCI-C 101\Lab1\Debug\Sample2.obj
E:\2013-2014 Fall\CSCI-C 101\Lab1\Debug\CL.read.1.tlog
E:\2013-2014 Fall\CSCI-C 101\Lab1\Debug\CL.write.1.tlog
E:\2013-2014 Fall\CSCI-C 101\Lab1\Debug\cl.command.1.tlog
E:\2013-2014 Fall\CSCI-C 101\Lab1\Debug\link-rc.read.1.tlog
E:\2013-2014 Fall\CSCI-C 101\Lab1\Debug\link-rc.write.1.tlog
E:\2013-2014 Fall\CSCI-C 101\Lab1\Debug\link-cvtres.read.1.tlog
E:\2013-2014 Fall\CSCI-C 101\Lab1\Debug\link-cvtres.write.1.tlog
E:\2013-2014 Fall\CSCI-C 101\Lab1\Debug\link.read.1.tlog
E:\2013-2014 Fall\CSCI-C 101\Lab1\Debug\link.write.1.tlog
E:\2013-2014 Fall\CSCI-C 101\Lab1\Debug\link.command.1.tlog
E:\2013-2014 Fall\CSCI-C 101\Lab1\Debug\vc110.idb
E:\2013-2014 Fall\CSCI-C 101\Lab1\Debug\vc110.pdb
E:\2013-2014 Fall\CSCI-C 101\Debug\Lab1.pdb
E:\2013-2014 Fall\CSCI-C 101\Debug\Lab1.exe
E:\2013-2014 Fall\CSCI-C 101\Debug\Lab1.ilk
