C:\USERS\STRYFE\DROPBOX\COLLEGE\2013-2014 FALL\CSCI-C 101\LAB11\DEBUG\LAB11.OBJ
C:\USERS\STRYFE\DROPBOX\COLLEGE\2013-2014 FALL\CSCI-C 101\LAB11\DEBUG\VC110.PDB
C:\USERS\STRYFE\DROPBOX\COLLEGE\2013-2014 FALL\CSCI-C 101\DEBUG\LAB11.ILK
C:\USERS\STRYFE\DROPBOX\COLLEGE\2013-2014 FALL\CSCI-C 101\DEBUG\LAB11.EXE
C:\USERS\STRYFE\DROPBOX\COLLEGE\2013-2014 FALL\CSCI-C 101\DEBUG\LAB11.PDB
C:\Users\Stryfe\Dropbox\College\2013-2014 Fall\CSCI-C 101\Lab11\Debug\Lab11.obj
C:\Users\Stryfe\Dropbox\College\2013-2014 Fall\CSCI-C 101\Lab11\Debug\cl.command.1.tlog
C:\Users\Stryfe\Dropbox\College\2013-2014 Fall\CSCI-C 101\Lab11\Debug\CL.read.1.tlog
C:\Users\Stryfe\Dropbox\College\2013-2014 Fall\CSCI-C 101\Lab11\Debug\CL.write.1.tlog
C:\Users\Stryfe\Dropbox\College\2013-2014 Fall\CSCI-C 101\Lab11\Debug\link-cvtres.read.1.tlog
C:\Users\Stryfe\Dropbox\College\2013-2014 Fall\CSCI-C 101\Lab11\Debug\link-cvtres.write.1.tlog
C:\Users\Stryfe\Dropbox\College\2013-2014 Fall\CSCI-C 101\Lab11\Debug\link-rc.read.1.tlog
C:\Users\Stryfe\Dropbox\College\2013-2014 Fall\CSCI-C 101\Lab11\Debug\link-rc.write.1.tlog
C:\Users\Stryfe\Dropbox\College\2013-2014 Fall\CSCI-C 101\Lab11\Debug\link.command.1.tlog
C:\Users\Stryfe\Dropbox\College\2013-2014 Fall\CSCI-C 101\Lab11\Debug\link.read.1.tlog
C:\Users\Stryfe\Dropbox\College\2013-2014 Fall\CSCI-C 101\Lab11\Debug\link.write.1.tlog
C:\Users\Stryfe\Dropbox\College\2013-2014 Fall\CSCI-C 101\Lab11\Debug\vc110.idb
C:\Users\Stryfe\Dropbox\College\2013-2014 Fall\CSCI-C 101\Lab11\Debug\vc110.pdb
C:\Users\Stryfe\Dropbox\College\2013-2014 Fall\CSCI-C 101\Debug\Lab11.pdb
C:\Users\Stryfe\Dropbox\College\2013-2014 Fall\CSCI-C 101\Debug\Lab11.exe
C:\Users\Stryfe\Dropbox\College\2013-2014 Fall\CSCI-C 101\Debug\Lab11.ilk
